{"numFailedTestSuites":1,"numFailedTests":1,"numPassedTestSuites":0,"numPassedTests":0,"numPendingTestSuites":0,"numPendingTests":0,"numRuntimeErrorTestSuites":0,"numTodoTests":0,"numTotalTestSuites":1,"numTotalTests":1,"openHandles":[],"snapshot":{"added":0,"didUpdate":false,"failure":false,"filesAdded":0,"filesRemoved":0,"filesRemovedList":[],"filesUnmatched":0,"filesUpdated":0,"matched":0,"total":0,"unchecked":0,"uncheckedKeysByFile":[],"unmatched":0,"updated":0},"startTime":1658476614099,"success":false,"testResults":[{"assertionResults":[{"ancestorTitles":[],"failureMessages":["TypeError: expect(...).toBeInTheDocument is not a function\n    at Object.<anonymous> (/Users/kimyoungwoong/Desktop/fe-sprint-responsive-web/src/App.test.js:8:22)\n    at Promise.then.completed (/Users/kimyoungwoong/Desktop/fe-sprint-responsive-web/node_modules/jest-circus/build/utils.js:391:28)\n    at new Promise (<anonymous>)\n    at callAsyncCircusFn (/Users/kimyoungwoong/Desktop/fe-sprint-responsive-web/node_modules/jest-circus/build/utils.js:316:10)\n    at _callCircusTest (/Users/kimyoungwoong/Desktop/fe-sprint-responsive-web/node_modules/jest-circus/build/run.js:218:40)\n    at processTicksAndRejections (node:internal/process/task_queues:96:5)\n    at _runTest (/Users/kimyoungwoong/Desktop/fe-sprint-responsive-web/node_modules/jest-circus/build/run.js:155:3)\n    at _runTestsForDescribeBlock (/Users/kimyoungwoong/Desktop/fe-sprint-responsive-web/node_modules/jest-circus/build/run.js:66:9)\n    at run (/Users/kimyoungwoong/Desktop/fe-sprint-responsive-web/node_modules/jest-circus/build/run.js:25:3)\n    at runAndTransformResultsToJestFormat (/Users/kimyoungwoong/Desktop/fe-sprint-responsive-web/node_modules/jest-circus/build/legacy-code-todo-rewrite/jestAdapterInit.js:170:21)\n    at jestAdapter (/Users/kimyoungwoong/Desktop/fe-sprint-responsive-web/node_modules/jest-circus/build/legacy-code-todo-rewrite/jestAdapter.js:82:19)\n    at runTestInternal (/Users/kimyoungwoong/Desktop/fe-sprint-responsive-web/node_modules/jest-runner/build/runTest.js:389:16)\n    at runTest (/Users/kimyoungwoong/Desktop/fe-sprint-responsive-web/node_modules/jest-runner/build/runTest.js:475:34)\n    at TestRunner.runTests (/Users/kimyoungwoong/Desktop/fe-sprint-responsive-web/node_modules/jest-runner/build/index.js:101:12)\n    at TestScheduler.scheduleTests (/Users/kimyoungwoong/Desktop/fe-sprint-responsive-web/node_modules/@jest/core/build/TestScheduler.js:333:13)\n    at runJest (/Users/kimyoungwoong/Desktop/fe-sprint-responsive-web/node_modules/@jest/core/build/runJest.js:404:19)\n    at _run10000 (/Users/kimyoungwoong/Desktop/fe-sprint-responsive-web/node_modules/@jest/core/build/cli/index.js:320:7)\n    at runCLI (/Users/kimyoungwoong/Desktop/fe-sprint-responsive-web/node_modules/@jest/core/build/cli/index.js:173:3)\n    at Object.run (/Users/kimyoungwoong/Desktop/fe-sprint-responsive-web/node_modules/jest-cli/build/cli/index.js:155:37)"],"fullName":"renders learn react link","location":null,"status":"failed","title":"renders learn react link"}],"endTime":1658476615014,"message":"  ● renders learn react link\n\n    TypeError: expect(...).toBeInTheDocument is not a function\n\n       6 |   const {container} = render(<BrowserRouter><App /></BrowserRouter>);\n       7 |   const AppElement = container.querySelector(\".App\");\n    >  8 |   expect(AppElement).toBeInTheDocument();\n         |                      ^\n       9 | });\n      10 |\n\n      at Object.<anonymous> (src/App.test.js:8:22)\n      at TestScheduler.scheduleTests (node_modules/@jest/core/build/TestScheduler.js:333:13)\n      at runJest (node_modules/@jest/core/build/runJest.js:404:19)\n      at _run10000 (node_modules/@jest/core/build/cli/index.js:320:7)\n      at runCLI (node_modules/@jest/core/build/cli/index.js:173:3)\n","name":"/Users/kimyoungwoong/Desktop/fe-sprint-responsive-web/src/App.test.js","startTime":1658476614468,"status":"failed","summary":""}],"wasInterrupted":false}